
*** Running vivado
    with args -log super_mult.vds -m64 -product Vivado -mode batch -messageDb vivado.pb -notrace -source super_mult.tcl


****** Vivado v2017.2 (64-bit)
  **** SW Build 1909853 on Thu Jun 15 18:39:09 MDT 2017
  **** IP Build 1909766 on Thu Jun 15 19:58:00 MDT 2017
    ** Copyright 1986-2017 Xilinx, Inc. All Rights Reserved.

source super_mult.tcl -notrace
Starting RTL Elaboration : Time (s): cpu = 00:00:03 ; elapsed = 00:00:04 . Memory (MB): peak = 375.773 ; gain = 75.996
INFO: [Synth 8-638] synthesizing module 'super_mult' [c:/Users/Lab/Desktop/Gengchen_stuff/super_gaus_noise/super_gaus_noise.srcs/sources_1/ip/super_mult/synth/super_mult.vhd:68]
INFO: [Synth 8-256] done synthesizing module 'super_mult' (5#1) [c:/Users/Lab/Desktop/Gengchen_stuff/super_gaus_noise/super_gaus_noise.srcs/sources_1/ip/super_mult/synth/super_mult.vhd:68]
Finished RTL Elaboration : Time (s): cpu = 00:00:06 ; elapsed = 00:00:07 . Memory (MB): peak = 434.699 ; gain = 134.922
Finished RTL Optimization Phase 1 : Time (s): cpu = 00:00:06 ; elapsed = 00:00:07 . Memory (MB): peak = 434.699 ; gain = 134.922
INFO: [Device 21-403] Loading part xc7vx690tffg1761-2
Constraint Validation Runtime : Time (s): cpu = 00:00:00 ; elapsed = 00:00:00.156 . Memory (MB): peak = 913.242 ; gain = 0.000
Finished Constraint Validation : Time (s): cpu = 00:00:26 ; elapsed = 00:00:27 . Memory (MB): peak = 913.242 ; gain = 613.465
Finished Loading Part and Timing Information : Time (s): cpu = 00:00:26 ; elapsed = 00:00:27 . Memory (MB): peak = 913.242 ; gain = 613.465
Finished applying 'set_property' XDC Constraints : Time (s): cpu = 00:00:26 ; elapsed = 00:00:27 . Memory (MB): peak = 913.242 ; gain = 613.465
Finished RTL Optimization Phase 2 : Time (s): cpu = 00:00:27 ; elapsed = 00:00:29 . Memory (MB): peak = 913.242 ; gain = 613.465
Finished Cross Boundary and Area Optimization : Time (s): cpu = 00:00:28 ; elapsed = 00:00:29 . Memory (MB): peak = 913.242 ; gain = 613.465
Finished Applying XDC Timing Constraints : Time (s): cpu = 00:00:36 ; elapsed = 00:00:37 . Memory (MB): peak = 913.242 ; gain = 613.465
Finished Timing Optimization : Time (s): cpu = 00:00:36 ; elapsed = 00:00:37 . Memory (MB): peak = 913.242 ; gain = 613.465
Finished Technology Mapping : Time (s): cpu = 00:00:36 ; elapsed = 00:00:38 . Memory (MB): peak = 913.242 ; gain = 613.465
Finished IO Insertion : Time (s): cpu = 00:00:36 ; elapsed = 00:00:38 . Memory (MB): peak = 913.242 ; gain = 613.465
Finished Renaming Generated Instances : Time (s): cpu = 00:00:36 ; elapsed = 00:00:38 . Memory (MB): peak = 913.242 ; gain = 613.465
Finished Rebuilding User Hierarchy : Time (s): cpu = 00:00:36 ; elapsed = 00:00:38 . Memory (MB): peak = 913.242 ; gain = 613.465
Finished Renaming Generated Ports : Time (s): cpu = 00:00:36 ; elapsed = 00:00:38 . Memory (MB): peak = 913.242 ; gain = 613.465
Finished Handling Custom Attributes : Time (s): cpu = 00:00:36 ; elapsed = 00:00:38 . Memory (MB): peak = 913.242 ; gain = 613.465
Finished Renaming Generated Nets : Time (s): cpu = 00:00:36 ; elapsed = 00:00:38 . Memory (MB): peak = 913.242 ; gain = 613.465

Report Cell Usage: 
+------+---------+------+
|      |Cell     |Count |
+------+---------+------+
|1     |CARRY4   |    30|
|2     |LUT2     |   122|
|3     |LUT4     |   121|
|4     |MULT_AND |   120|
|5     |MUXCY    |   121|
|6     |XORCY    |   132|
|7     |FDRE     |    22|
+------+---------+------+
Finished Writing Synthesis Report : Time (s): cpu = 00:00:36 ; elapsed = 00:00:38 . Memory (MB): peak = 913.242 ; gain = 613.465
synth_design: Time (s): cpu = 00:00:39 ; elapsed = 00:00:41 . Memory (MB): peak = 913.242 ; gain = 621.078
