
*** Running vivado
    with args -log super_mult.vds -m64 -product Vivado -mode batch -messageDb vivado.pb -notrace -source super_mult.tcl


****** Vivado v2017.2 (64-bit)
  **** SW Build 1909853 on Thu Jun 15 18:39:09 MDT 2017
  **** IP Build 1909766 on Thu Jun 15 19:58:00 MDT 2017
    ** Copyright 1986-2017 Xilinx, Inc. All Rights Reserved.

source super_mult.tcl -notrace
Starting RTL Elaboration : Time (s): cpu = 00:00:03 ; elapsed = 00:00:04 . Memory (MB): peak = 374.543 ; gain = 77.801
INFO: [Synth 8-638] synthesizing module 'super_mult' [c:/Users/Lab/Desktop/Gengchen_stuff/super_gaus_noise/super_gaus_noise.srcs/sources_1/ip/super_mult/synth/super_mult.vhd:68]
INFO: [Synth 8-256] done synthesizing module 'super_mult' (5#1) [c:/Users/Lab/Desktop/Gengchen_stuff/super_gaus_noise/super_gaus_noise.srcs/sources_1/ip/super_mult/synth/super_mult.vhd:68]
Finished RTL Elaboration : Time (s): cpu = 00:00:06 ; elapsed = 00:00:07 . Memory (MB): peak = 436.477 ; gain = 139.734
Finished RTL Optimization Phase 1 : Time (s): cpu = 00:00:06 ; elapsed = 00:00:07 . Memory (MB): peak = 436.477 ; gain = 139.734
INFO: [Device 21-403] Loading part xc7vx690tffg1761-2
Constraint Validation Runtime : Time (s): cpu = 00:00:00 ; elapsed = 00:00:00.032 . Memory (MB): peak = 920.027 ; gain = 0.000
Finished Constraint Validation : Time (s): cpu = 00:00:25 ; elapsed = 00:00:27 . Memory (MB): peak = 920.027 ; gain = 623.285
Finished Loading Part and Timing Information : Time (s): cpu = 00:00:25 ; elapsed = 00:00:27 . Memory (MB): peak = 920.027 ; gain = 623.285
Finished applying 'set_property' XDC Constraints : Time (s): cpu = 00:00:25 ; elapsed = 00:00:27 . Memory (MB): peak = 920.027 ; gain = 623.285
Finished RTL Optimization Phase 2 : Time (s): cpu = 00:00:27 ; elapsed = 00:00:29 . Memory (MB): peak = 920.027 ; gain = 623.285
Finished Cross Boundary and Area Optimization : Time (s): cpu = 00:00:30 ; elapsed = 00:00:32 . Memory (MB): peak = 920.027 ; gain = 623.285
Finished Applying XDC Timing Constraints : Time (s): cpu = 00:00:38 ; elapsed = 00:00:40 . Memory (MB): peak = 920.027 ; gain = 623.285
Finished Timing Optimization : Time (s): cpu = 00:00:38 ; elapsed = 00:00:40 . Memory (MB): peak = 920.027 ; gain = 623.285
Finished Technology Mapping : Time (s): cpu = 00:00:38 ; elapsed = 00:00:40 . Memory (MB): peak = 920.027 ; gain = 623.285
Finished IO Insertion : Time (s): cpu = 00:00:38 ; elapsed = 00:00:41 . Memory (MB): peak = 920.027 ; gain = 623.285
Finished Renaming Generated Instances : Time (s): cpu = 00:00:38 ; elapsed = 00:00:41 . Memory (MB): peak = 920.027 ; gain = 623.285
Finished Rebuilding User Hierarchy : Time (s): cpu = 00:00:39 ; elapsed = 00:00:41 . Memory (MB): peak = 920.027 ; gain = 623.285
Finished Renaming Generated Ports : Time (s): cpu = 00:00:39 ; elapsed = 00:00:41 . Memory (MB): peak = 920.027 ; gain = 623.285
Finished Handling Custom Attributes : Time (s): cpu = 00:00:39 ; elapsed = 00:00:41 . Memory (MB): peak = 920.027 ; gain = 623.285
Finished Renaming Generated Nets : Time (s): cpu = 00:00:39 ; elapsed = 00:00:41 . Memory (MB): peak = 920.027 ; gain = 623.285

Report Cell Usage: 
+------+-------+------+
|      |Cell   |Count |
+------+-------+------+
|1     |CARRY4 |     1|
|2     |LUT2   |    55|
|3     |LUT4   |    56|
|4     |LUT6   |   188|
|5     |LUT6_2 |   270|
|6     |MUXCY  |   261|
|7     |XORCY  |   270|
|8     |FDRE   |   297|
+------+-------+------+
Finished Writing Synthesis Report : Time (s): cpu = 00:00:39 ; elapsed = 00:00:41 . Memory (MB): peak = 920.027 ; gain = 623.285
synth_design: Time (s): cpu = 00:00:41 ; elapsed = 00:00:47 . Memory (MB): peak = 920.027 ; gain = 627.426
