Exception at PC 0x000007FED629BB93
Printing stacktrace...

[0]  [0x000007FED629BB93]
[1]  [0x000007FED629BB93]
[2]  [0x000007FED629B4A1]
[3]  [0x000007FED629B3EF]
[4]  [0x000007FED62819FE]
[5]  [0x000007FED6280ED1]
[6]  [0x000007FED6280D76]
[7]  [0x000007FED62279F6]
[8]  [0x000007FED6217AFB]
[9]  [0x000007FED633E90A]
[10]  [0x000007FED6359F87]
[11]  [0x000007FED635A05F]
[12] (BaseThreadInitThunk+0xd) [0x0000000076DD59CD]
[13] (RtlUserThreadStart+0x21) [0x000000007700A561]
Done
Exception at PC 0x000007FED5FA1A52
Attemped to write at address 0x000007FED9FAABA4
Printing stacktrace...

[0]  [0x000007FED5FA1A52]
[1]  [0x000007FED5FA1A52]
[2]  [0x000007FED5FA1AD4]
[3]  [0x000007FED60E3FF7]
[4]  [0x000007FED5FC9128]
[5]  [0x000007FED627DFB9]
[6]  [0x000007FED644EF23]
[7]  [0x000007FED635B06B]
[8]  [0x000007FED63508AF]
[9]  [0x000007FED6350A32]
[10] (LdrShutdownProcess+0x1d1) [0x0000000077002AC1]
[11] (RtlExitUserProcess+0x90) [0x00000000770028D0]
[12] (wcstoui64+0x2fa) [0x000007FEFF0C99E2]
[13]  [0x00000000004014CD]
[14]  [0x000000000040151B]
[15] (BaseThreadInitThunk+0xd) [0x0000000076DD59CD]
[16] (RtlUserThreadStart+0x21) [0x000000007700A561]
Done
